2025-09-02 16:58:20,541 - INFO - Portfolio analysis logging started - 20250902_165820
2025-09-02 16:58:20,541 - INFO - Log file: logs/synthetic_analysis_20250902_165820.log
2025-09-02 16:58:20,541 - INFO - ================================================================================
2025-09-02 16:58:20,541 - INFO - COMPREHENSIVE PORTFOLIO ANALYSIS SYSTEM
2025-09-02 16:58:20,541 - INFO - ================================================================================
2025-09-02 16:58:20,541 - INFO - ✓ Fixed Income Portfolio: FRED rate data integration
2025-09-02 16:58:20,541 - INFO - ✓ Bond Portfolio: 50 loans + 100 bonds with FRED rate data
2025-09-02 16:58:20,541 - INFO - ✓ Scientific Risk Modeling: No random fallbacks
2025-09-02 16:58:20,541 - INFO - ✓ Enhanced Cashflow Export: Detailed breakdowns with timestamps
2025-09-02 16:58:20,541 - INFO - ================================================================================
2025-09-02 16:58:20,541 - INFO - 
============================================================
2025-09-02 16:58:20,541 - INFO - 1. FIXED INCOME PORTFOLIO ANALYSIS
2025-09-02 16:58:20,541 - INFO - ============================================================
2025-09-02 16:58:20,766 - INFO - Imported bond portfolio module successfully
2025-09-02 16:58:20,766 - INFO - Starting bond portfolio analysis...
2025-09-02 16:58:20,766 - INFO - Found deals_data files - using real deal data
2025-09-02 16:59:44,327 - INFO - Bond portfolio analysis completed successfully
2025-09-02 16:59:44,327 - INFO - 
✅ Bond Portfolio Analysis Complete
2025-09-02 16:59:44,327 - INFO -    - Analyzed 10 private loans + 0 corporate bonds
2025-09-02 16:59:44,327 - INFO -    - Max-Sharpe: 2.59% return, -0.08 Sharpe
2025-09-02 16:59:44,327 - INFO -    - Min-Vol: -2.51% return, -0.54 Sharpe
2025-09-02 16:59:44,327 - INFO -    - Cashflows exported with detailed breakdowns
2025-09-02 16:59:44,327 - INFO - Portfolio analysis completed successfully!
