2025-09-02 17:01:55,725 - INFO - Portfolio analysis logging started - 20250902_170155
2025-09-02 17:01:55,725 - INFO - Log file: logs/synthetic_analysis_20250902_170155.log
2025-09-02 17:01:55,725 - INFO - ================================================================================
2025-09-02 17:01:55,725 - INFO - COMPREHENSIVE PORTFOLIO ANALYSIS SYSTEM
2025-09-02 17:01:55,725 - INFO - ================================================================================
2025-09-02 17:01:55,725 - INFO - ✓ Fixed Income Portfolio: FRED rate data integration
2025-09-02 17:01:55,725 - INFO - ✓ Bond Portfolio: 50 loans + 100 bonds with FRED rate data
2025-09-02 17:01:55,725 - INFO - ✓ Scientific Risk Modeling: No random fallbacks
2025-09-02 17:01:55,725 - INFO - ✓ Enhanced Cashflow Export: Detailed breakdowns with timestamps
2025-09-02 17:01:55,725 - INFO - ================================================================================
2025-09-02 17:01:55,725 - INFO - 
============================================================
2025-09-02 17:01:55,725 - INFO - 1. FIXED INCOME PORTFOLIO ANALYSIS
2025-09-02 17:01:55,725 - INFO - ============================================================
2025-09-02 17:01:55,995 - INFO - Imported bond portfolio module successfully
2025-09-02 17:01:55,995 - INFO - Starting bond portfolio analysis...
2025-09-02 17:01:55,995 - INFO - Found deals_data files - using real deal data
2025-09-02 17:02:06,374 - INFO - Bond portfolio analysis completed successfully
2025-09-02 17:02:06,374 - INFO - 
✅ Bond Portfolio Analysis Complete
2025-09-02 17:02:06,374 - INFO -    - Analyzed 10 private loans + 0 corporate bonds
2025-09-02 17:02:06,374 - INFO -    - Max-Sharpe: 0.56% return, -0.28 Sharpe
2025-09-02 17:02:06,374 - INFO -    - Min-Vol: -4.45% return, -0.75 Sharpe
2025-09-02 17:02:06,374 - INFO -    - Cashflows exported with detailed breakdowns
2025-09-02 17:02:06,374 - INFO - Portfolio analysis completed successfully!
