2025-09-03 00:43:05,362 - INFO - Portfolio analysis logging started - 20250903_004305
2025-09-03 00:43:05,362 - INFO - Log file: logs/synthetic_analysis_20250903_004305.log
2025-09-03 00:43:05,362 - INFO - ================================================================================
2025-09-03 00:43:05,362 - INFO - COMPREHENSIVE PORTFOLIO ANALYSIS SYSTEM
2025-09-03 00:43:05,362 - INFO - ================================================================================
2025-09-03 00:43:05,362 - INFO - ✓ Fixed Income Portfolio: FRED rate data integration
2025-09-03 00:43:05,362 - INFO - ✓ Bond Portfolio: 50 loans + 100 bonds with FRED rate data
2025-09-03 00:43:05,363 - INFO - ✓ Scientific Risk Modeling: No random fallbacks
2025-09-03 00:43:05,363 - INFO - ✓ Enhanced Cashflow Export: Detailed breakdowns with timestamps
2025-09-03 00:43:05,363 - INFO - ================================================================================
2025-09-03 00:43:05,363 - INFO - 
============================================================
2025-09-03 00:43:05,363 - INFO - 1. FIXED INCOME PORTFOLIO ANALYSIS
2025-09-03 00:43:05,363 - INFO - ============================================================
2025-09-03 00:43:05,610 - INFO - Imported bond portfolio module successfully
2025-09-03 00:43:05,610 - INFO - Starting bond portfolio analysis...
2025-09-03 00:43:05,610 - INFO - Found deals_data files - using real deal data
2025-09-03 00:43:20,650 - INFO - Bond portfolio analysis completed successfully
2025-09-03 00:43:20,651 - INFO - 
✅ Bond Portfolio Analysis Complete
2025-09-03 00:43:20,651 - INFO -    - Analyzed 10 private loans + 0 corporate bonds
2025-09-03 00:43:20,651 - INFO -    - Max-Sharpe: 8.47% return, 1.48 Sharpe
2025-09-03 00:43:20,652 - INFO -    - Min-Vol: 7.88% return, 1.37 Sharpe
2025-09-03 00:43:20,652 - INFO -    - Cashflows exported with detailed breakdowns
2025-09-03 00:43:20,652 - INFO - Portfolio analysis completed successfully!
