2025-09-02 16:44:13,480 - INFO - Portfolio analysis logging started - 20250902_164413
2025-09-02 16:44:13,480 - INFO - Log file: logs/synthetic_analysis_20250902_164413.log
2025-09-02 16:44:13,480 - INFO - ================================================================================
2025-09-02 16:44:13,480 - INFO - COMPREHENSIVE PORTFOLIO ANALYSIS SYSTEM
2025-09-02 16:44:13,480 - INFO - ================================================================================
2025-09-02 16:44:13,480 - INFO - ✓ Fixed Income Portfolio: FRED rate data integration
2025-09-02 16:44:13,480 - INFO - ✓ Bond Portfolio: 50 loans + 100 bonds with FRED rate data
2025-09-02 16:44:13,480 - INFO - ✓ Scientific Risk Modeling: No random fallbacks
2025-09-02 16:44:13,480 - INFO - ✓ Enhanced Cashflow Export: Detailed breakdowns with timestamps
2025-09-02 16:44:13,480 - INFO - ================================================================================
2025-09-02 16:44:13,480 - INFO - 
============================================================
2025-09-02 16:44:13,480 - INFO - 1. FIXED INCOME PORTFOLIO ANALYSIS
2025-09-02 16:44:13,480 - INFO - ============================================================
2025-09-02 16:44:13,701 - INFO - Imported bond portfolio module successfully
2025-09-02 16:44:13,701 - INFO - Starting bond portfolio analysis...
2025-09-02 16:44:13,701 - INFO - Found deals_data files - using real deal data
2025-09-02 16:44:19,916 - INFO - Bond portfolio analysis completed successfully
2025-09-02 16:44:19,916 - INFO - 
✅ Bond Portfolio Analysis Complete
2025-09-02 16:44:19,916 - INFO -    - Analyzed 10 private loans + 0 corporate bonds
2025-09-02 16:44:19,916 - INFO -    - Max-Sharpe: 5.61% return, 0.09 Sharpe
2025-09-02 16:44:19,916 - INFO -    - Min-Vol: -17.73% return, -0.97 Sharpe
2025-09-02 16:44:19,916 - INFO -    - Cashflows exported with detailed breakdowns
2025-09-02 16:44:19,916 - INFO - Portfolio analysis completed successfully!
