2025-09-02 23:50:38,624 - INFO - Portfolio analysis logging started - 20250902_235038
2025-09-02 23:50:38,624 - INFO - Log file: logs/synthetic_analysis_20250902_235038.log
2025-09-02 23:50:38,624 - INFO - ================================================================================
2025-09-02 23:50:38,624 - INFO - COMPREHENSIVE PORTFOLIO ANALYSIS SYSTEM
2025-09-02 23:50:38,625 - INFO - ================================================================================
2025-09-02 23:50:38,625 - INFO - ✓ Fixed Income Portfolio: FRED rate data integration
2025-09-02 23:50:38,625 - INFO - ✓ Bond Portfolio: 50 loans + 100 bonds with FRED rate data
2025-09-02 23:50:38,625 - INFO - ✓ Scientific Risk Modeling: No random fallbacks
2025-09-02 23:50:38,625 - INFO - ✓ Enhanced Cashflow Export: Detailed breakdowns with timestamps
2025-09-02 23:50:38,625 - INFO - ================================================================================
2025-09-02 23:50:38,625 - INFO - 
============================================================
2025-09-02 23:50:38,625 - INFO - 1. FIXED INCOME PORTFOLIO ANALYSIS
2025-09-02 23:50:38,625 - INFO - ============================================================
2025-09-02 23:50:38,916 - INFO - Imported bond portfolio module successfully
2025-09-02 23:50:38,916 - INFO - Starting bond portfolio analysis...
2025-09-02 23:50:38,916 - INFO - Using synthetic data files
2025-09-02 23:50:43,907 - ERROR - ❌ CRITICAL ERROR in portfolio analysis: name 'create_sophisticated_returns_matrix' is not defined
2025-09-02 23:50:43,907 - ERROR - Full traceback:
2025-09-02 23:50:43,907 - ERROR - Traceback (most recent call last):
  File "/Users/xuling/PycharmProjects/pythonProject10/run_synthetic.py", line 91, in main
    bond_portfolios, bond_max_sharpe, bond_min_vol, loans, bonds, adjusted_returns = create_enhanced_bond_portfolio(
  File "/Users/xuling/PycharmProjects/pythonProject10/enriched_bond_portfolio.py", line 2127, in create_enhanced_bond_portfolio
    returns_matrix = create_sophisticated_returns_matrix(returns_dict, volatilities, correlation_matrix, num_periods=252)
NameError: name 'create_sophisticated_returns_matrix' is not defined

