2025-09-02 23:52:37,992 - INFO - Portfolio analysis logging started - 20250902_235237
2025-09-02 23:52:37,992 - INFO - Log file: logs/synthetic_analysis_20250902_235237.log
2025-09-02 23:52:37,992 - INFO - ================================================================================
2025-09-02 23:52:37,992 - INFO - COMPREHENSIVE PORTFOLIO ANALYSIS SYSTEM
2025-09-02 23:52:37,992 - INFO - ================================================================================
2025-09-02 23:52:37,992 - INFO - ✓ Fixed Income Portfolio: FRED rate data integration
2025-09-02 23:52:37,992 - INFO - ✓ Bond Portfolio: 50 loans + 100 bonds with FRED rate data
2025-09-02 23:52:37,992 - INFO - ✓ Scientific Risk Modeling: No random fallbacks
2025-09-02 23:52:37,992 - INFO - ✓ Enhanced Cashflow Export: Detailed breakdowns with timestamps
2025-09-02 23:52:37,992 - INFO - ================================================================================
2025-09-02 23:52:37,992 - INFO - 
============================================================
2025-09-02 23:52:37,992 - INFO - 1. FIXED INCOME PORTFOLIO ANALYSIS
2025-09-02 23:52:37,992 - INFO - ============================================================
2025-09-02 23:52:38,231 - INFO - Imported bond portfolio module successfully
2025-09-02 23:52:38,231 - INFO - Starting bond portfolio analysis...
2025-09-02 23:52:38,231 - INFO - Found deals_data files - using real deal data
2025-09-02 23:52:56,797 - INFO - Bond portfolio analysis completed successfully
2025-09-02 23:52:56,797 - INFO - 
✅ Bond Portfolio Analysis Complete
2025-09-02 23:52:56,797 - INFO -    - Analyzed 10 private loans + 0 corporate bonds
2025-09-02 23:52:56,797 - INFO -    - Max-Sharpe: 5.09% return, 0.12 Sharpe
2025-09-02 23:52:56,797 - INFO -    - Min-Vol: 3.46% return, -0.20 Sharpe
2025-09-02 23:52:56,797 - INFO -    - Cashflows exported with detailed breakdowns
2025-09-02 23:52:56,797 - INFO - Portfolio analysis completed successfully!
