2025-09-02 23:14:11,545 - INFO - Portfolio analysis logging started - 20250902_231411
2025-09-02 23:14:11,545 - INFO - Log file: logs/synthetic_analysis_20250902_231411.log
2025-09-02 23:14:11,545 - INFO - ================================================================================
2025-09-02 23:14:11,545 - INFO - COMPREHENSIVE PORTFOLIO ANALYSIS SYSTEM
2025-09-02 23:14:11,545 - INFO - ================================================================================
2025-09-02 23:14:11,545 - INFO - ✓ Fixed Income Portfolio: FRED rate data integration
2025-09-02 23:14:11,545 - INFO - ✓ Bond Portfolio: 50 loans + 100 bonds with FRED rate data
2025-09-02 23:14:11,545 - INFO - ✓ Scientific Risk Modeling: No random fallbacks
2025-09-02 23:14:11,545 - INFO - ✓ Enhanced Cashflow Export: Detailed breakdowns with timestamps
2025-09-02 23:14:11,545 - INFO - ================================================================================
2025-09-02 23:14:11,545 - INFO - 
============================================================
2025-09-02 23:14:11,545 - INFO - 1. FIXED INCOME PORTFOLIO ANALYSIS
2025-09-02 23:14:11,545 - INFO - ============================================================
2025-09-02 23:14:11,897 - INFO - Imported bond portfolio module successfully
2025-09-02 23:14:11,897 - INFO - Starting bond portfolio analysis...
2025-09-02 23:14:11,897 - INFO - Found deals_data files - using real deal data
2025-09-02 23:15:14,815 - INFO - Bond portfolio analysis completed successfully
2025-09-02 23:15:14,815 - INFO - 
✅ Bond Portfolio Analysis Complete
2025-09-02 23:15:14,815 - INFO -    - Analyzed 10 private loans + 0 corporate bonds
2025-09-02 23:15:14,815 - INFO -    - Max-Sharpe: 1.82% return, -0.21 Sharpe
2025-09-02 23:15:14,815 - INFO -    - Min-Vol: 0.19% return, -0.68 Sharpe
2025-09-02 23:15:14,815 - INFO -    - Cashflows exported with detailed breakdowns
2025-09-02 23:15:14,815 - INFO - Portfolio analysis completed successfully!
