2025-09-02 23:49:43,009 - INFO - Portfolio analysis logging started - 20250902_234943
2025-09-02 23:49:43,009 - INFO - Log file: logs/synthetic_analysis_20250902_234943.log
2025-09-02 23:49:43,009 - INFO - ================================================================================
2025-09-02 23:49:43,009 - INFO - COMPREHENSIVE PORTFOLIO ANALYSIS SYSTEM
2025-09-02 23:49:43,009 - INFO - ================================================================================
2025-09-02 23:49:43,009 - INFO - ✓ Fixed Income Portfolio: FRED rate data integration
2025-09-02 23:49:43,009 - INFO - ✓ Bond Portfolio: 50 loans + 100 bonds with FRED rate data
2025-09-02 23:49:43,009 - INFO - ✓ Scientific Risk Modeling: No random fallbacks
2025-09-02 23:49:43,009 - INFO - ✓ Enhanced Cashflow Export: Detailed breakdowns with timestamps
2025-09-02 23:49:43,009 - INFO - ================================================================================
2025-09-02 23:49:43,009 - INFO - 
============================================================
2025-09-02 23:49:43,009 - INFO - 1. FIXED INCOME PORTFOLIO ANALYSIS
2025-09-02 23:49:43,009 - INFO - ============================================================
2025-09-02 23:49:43,246 - INFO - Imported bond portfolio module successfully
2025-09-02 23:49:43,246 - INFO - Starting bond portfolio analysis...
2025-09-02 23:49:43,246 - INFO - Using synthetic data files
2025-09-02 23:49:43,485 - ERROR - ❌ CRITICAL ERROR in portfolio analysis: 'EnhancedBondSpec' object has no attribute 'default_prob'
2025-09-02 23:49:43,485 - ERROR - Full traceback:
2025-09-02 23:49:43,485 - ERROR - Traceback (most recent call last):
  File "/Users/xuling/PycharmProjects/pythonProject10/run_synthetic.py", line 91, in main
    bond_portfolios, bond_max_sharpe, bond_min_vol, loans, bonds, adjusted_returns = create_enhanced_bond_portfolio(
  File "/Users/xuling/PycharmProjects/pythonProject10/enriched_bond_portfolio.py", line 1944, in create_enhanced_bond_portfolio
    returns_dict = calculate_returns_from_cashflows(loans, bonds, cashflow_dir)
  File "/Users/xuling/PycharmProjects/pythonProject10/enriched_bond_portfolio.py", line 180, in calculate_returns_from_cashflows
    'credit_risk': bond.default_prob,
AttributeError: 'EnhancedBondSpec' object has no attribute 'default_prob'

